5 [0, 1, 9, 3, 9] 6 0.7166320474476194
3 [6, 3, 6] 2 0.4204138650589849
10 [3, 8, 8, 8, 1, 8, 4, 0, 5, 7] 5 0.8255779410491945
9 [9, 3, 8, 4, 5, 8, 5, 7, 7] 0 0.5834456058334312
2 [6, 9] 0 0.5519872068063544
4 [5, 3, 0, 1] 1 0.45772262678979014
6 [2, 7, 8, 2, 3, 2] 2 0.4537657203300211
5 [3, 3, 4, 5, 2] 1 0.45159663124681776
10 [9, 1, 2, 7, 3, 6, 1, 8, 2, 4] 6 0.44442905406681643
4 [4, 4, 1, 0] 4 0.3871170832241075
4 [0, 7, 5, 7] 1 0.6420339299754878
8 [6, 6, 9, 6, 6, 8, 0, 8] 1 0.5252397251761138
7 [8, 6, 8, 1, 0, 0, 8] 3 0.597861174484801
8 [7, 5, 4, 4, 4, 4, 3, 3] 2 0.5060470969468973
2 [5, 6] 4 0.44886201774377343
9 [9, 4, 8, 6, 5, 2, 7, 6, 4] 4 0.4400827940498012
6 [1, 3, 4, 1, 8, 2] 2 0.42761621970150565
3 [2, 0, 8] 2 0.5438362305829945
10 [4, 8, 4, 2, 9, 5, 6, 5, 5, 4] 6 0.567479222506098
2 [6, 3] 4 0.3871170832241075
8 [0, 0, 3, 6, 7, 0, 5, 0] 5 0.8255779410491945
7 [6, 1, 5, 4, 8, 4, 1] 4 0.3871170832241075
7 [1, 0, 2, 2, 6, 5, 9] 0 0.5058515201585577
5 [9, 0, 2, 5, 4] 6 0.7166320474476194
4 [2, 8, 0, 0] 5 0.8255779410491945
4 [5, 5, 3, 3] 4 0.3871170832241075
10 [1, 1, 6, 8, 3, 3, 3, 5, 0, 9] 3 0.4951303131467484
3 [9, 5, 7] 4 0.5331313244221826
2 [8, 6] 2 0.5004075882580069
4 [4, 9, 9, 5] 3 0.6744315958605147
8 [2, 3, 0, 2, 2, 5, 5, 5] 0 0.49265631278627064
5 [1, 8, 7, 0, 8] 5 0.8255779410491945
3 [1, 1, 3] 0 0.3871170832241075
9 [7, 6, 8, 6, 7, 3, 4, 9, 3] 6 0.606557743303138
7 [6, 7, 2, 3, 1, 9, 5] 3 0.5016600958680077
10 [0, 3, 6, 8, 2, 8, 7, 4, 4, 8] 3 0.5945353017497984
5 [9, 3, 3, 4, 1] 0 0.4778926804327793
9 [8, 9, 8, 7, 4, 1, 5, 7, 5] 3 0.5968493234076404
6 [0, 5, 5, 9, 6, 5] 4 0.44886201774377343
8 [4, 4, 5, 4, 6, 0, 2, 7] 0 0.6116090517418777
9 [8, 2, 9, 9, 4, 7, 7, 4, 7] 1 0.6332248830026483
7 [8, 0, 5, 7, 6, 4, 4] 0 0.6284221696769416
8 [1, 7, 4, 5, 6, 8, 2, 8] 2 0.4942168977699046
8 [6, 7, 9, 7, 5, 1, 9, 0] 1 0.5563509624443598
7 [8, 5, 6, 9, 6, 2, 7] 5 0.7166320474476194
6 [8, 2, 0, 8, 1, 3] 5 0.8255779410491945
10 [1, 0, 6, 7, 4, 4, 7, 2, 5, 8] 3 0.5909408641342776
10 [5, 3, 7, 6, 3, 7, 0, 4, 8, 7] 1 0.5274579363249883
8 [6, 7, 7, 0, 6, 1, 6, 4] 1 0.5145818225714245
3 [3, 7, 8] 1 0.49507707678938034
5 [4, 3, 4, 9, 7] 2 0.5369629822587016
9 [8, 7, 2, 2, 9, 7, 1, 8, 8] 3 0.5595255071766156
5 [3, 6, 7, 8, 0] 5 0.8255779410491945
2 [9, 4] 4 0.7166320474476194
10 [1, 8, 4, 7, 8, 4, 5, 6, 8, 2] 5 0.758961192001428
7 [0, 5, 9, 5, 7, 0, 7] 2 0.6412693633070214
3 [8, 2, 7] 0 0.5493209401935546
9 [4, 5, 0, 1, 4, 0, 1, 5, 3] 1 0.5079448687452965
2 [7, 1] 0 0.48502030411510483
6 [4, 8, 5, 0, 5, 6] 0 0.5907379496016049
6 [7, 2, 7, 9, 9, 0] 5 0.8255779410491945
6 [9, 5, 9, 0, 9, 7] 2 0.6690870610574879
8 [2, 7, 2, 5, 7, 0, 3, 7] 0 0.5392360611117499
10 [6, 9, 0, 7, 7, 3, 5, 0, 0, 9] 1 0.5900245547514483
2 [5, 7] 4 0.5331313244221826
8 [9, 3, 8, 3, 1, 4, 0, 7] 6 0.6271580982436689
2 [8, 2] 2 0.49229533895059013
5 [3, 6, 9, 6, 1] 4 0.3871170832241075
5 [5, 6, 4, 8, 3] 2 0.4790397631470864
3 [3, 1, 9] 1 0.4340197090576913
9 [4, 0, 4, 9, 2, 9, 6, 7, 0] 4 0.4400827940498012
7 [6, 9, 1, 7, 3, 4, 7] 0 0.530787968318503
10 [4, 7, 4, 1, 5, 0, 0, 0, 3, 8] 3 0.6351679608304115
6 [1, 4, 3, 1, 1, 2] 5 0.758961192001428
9 [3, 8, 6, 3, 4, 0, 8, 1, 7] 0 0.5189129690424165
5 [4, 6, 1, 5, 0] 2 0.4882005691927386
4 [6, 6, 6, 2] 2 0.44656563870150345
8 [2, 8, 2, 9, 8, 3, 5, 3] 6 0.48215889678123136
6 [8, 6, 2, 1, 9, 8] 6 0.5159288135122474
9 [3, 9, 0, 9, 1, 1, 2, 4, 1] 2 0.445311625059531
6 [4, 0, 8, 6, 4, 1] 5 0.8255779410491945
7 [8, 8, 3, 8, 1, 7, 6] 1 0.4846857554600922
2 [6, 0] 5 0.8255779410491945
5 [9, 6, 8, 6, 9] 4 0.44886201774377343
7 [9, 7, 1, 6, 8, 2, 9] 2 0.4930439583292508
7 [8, 3, 9, 2, 2, 8, 5] 3 0.5261736297641866
4 [1, 7, 2, 3] 1 0.431749815862636
10 [7, 3, 8, 6, 4, 5, 8, 1, 1, 6] 6 0.48738090519988325
7 [2, 7, 6, 5, 4, 2, 3] 5 0.758961192001428
8 [2, 5, 7, 6, 3, 8, 5, 4] 6 0.5331313244221826
3 [7, 9, 7] 4 0.6492069360674405
8 [8, 2, 9, 6, 9, 8, 5, 4] 3 0.5932997563218709
7 [7, 3, 4, 8, 5, 9, 8] 4 0.3871170832241075
9 [5, 1, 4, 7, 4, 6, 7, 0, 6] 5 0.8255779410491945
5 [1, 3, 8, 9, 5] 2 0.4519326723308322
10 [0, 0, 7, 3, 6, 7, 6, 1, 0, 8] 6 0.6271580982436689
7 [6, 0, 0, 0, 5, 5, 0] 6 0.8255779410491945
2 [4, 3] 5 0.758961192001428
6 [6, 8, 4, 0, 2, 3] 4 0.3871170832241075
7 [8, 5, 2, 0, 2, 8, 5] 4 0.4400827940498012
8 [3, 9, 9, 6, 5, 8, 5, 6] 6 0.5331313244221826
7 [3, 9, 3, 9, 9, 2, 2] 0 0.5036970014399825
10 [3, 4, 3, 5, 7, 2, 3, 0, 9, 0] 5 0.8255779410491945
2 [2, 9] 3 0.564629565877899
9 [1, 0, 3, 2, 2, 3, 2, 3, 1] 1 0.41873408850594307
4 [0, 3, 7, 9] 2 0.5145308114425912
3 [9, 7, 0] 1 0.7209958859592166
9 [6, 1, 6, 2, 8, 2, 7, 0, 1] 5 0.8255779410491945
2 [3, 9] 6 0.502687613052086
5 [7, 6, 8, 8, 4] 4 0.44886201774377343
6 [9, 4, 1, 0, 5, 8] 0 0.5980959460619727
3 [9, 8, 3] 0 0.5331189765655958
4 [0, 0, 1, 8] 5 0.8255779410491945
7 [8, 0, 9, 3, 1, 4, 3] 0 0.5254261042513767
7 [5, 1, 7, 5, 3, 5, 9] 3 0.5275403666765963
8 [9, 1, 3, 2, 1, 1, 3, 1] 2 0.40202557624305957
2 [4, 8] 1 0.6708985091389488
4 [7, 9, 5, 8] 2 0.612127198502626
7 [9, 9, 6, 4, 1, 1, 0] 1 0.5144088383814464
6 [6, 8, 2, 5, 9, 3] 1 0.48454908824488985
6 [4, 9, 0, 9, 3, 4] 4 0.3871170832241075
2 [2, 1] 1 0.40963620125783795
3 [1, 5, 7] 1 0.48036142793601877
8 [1, 8, 7, 7, 2, 2, 1, 5] 1 0.4738308069723776
9 [2, 0, 6, 6, 7, 1, 6, 2, 2] 2 0.45567180621399894
3 [9, 1, 1] 1 0.4340197090576913
5 [2, 7, 1, 8, 9] 0 0.5296664983861277
7 [4, 5, 7, 2, 1, 9, 0] 6 0.6492069360674405
6 [6, 6, 5, 6, 4, 3] 2 0.45748037342088066
3 [0, 7, 2] 6 0.6492069360674405
5 [4, 8, 4, 6, 6] 3 0.5897174686217604
8 [3, 1, 0, 5, 1, 1, 6, 0] 2 0.43173561341929173
7 [0, 2, 2, 6, 0, 8, 1] 5 0.8255779410491945
6 [1, 0, 9, 0, 5, 7] 6 0.681255259846046
2 [9, 8] 2 0.6532178603804227
4 [0, 8, 5, 9] 6 0.6570164318331164
3 [4, 9, 1] 5 0.758961192001428
8 [1, 1, 6, 1, 4, 0, 1, 5] 4 0.3871170832241075
3 [3, 5, 3] 5 0.5331313244221826
3 [3, 9, 4] 5 0.758961192001428
7 [1, 0, 6, 3, 6, 7, 2] 1 0.4594972589926267
4 [4, 2, 1, 8] 6 0.510080809788802
6 [4, 5, 6, 0, 7, 6] 1 0.5595407989338502
7 [5, 3, 5, 5, 2, 2, 9] 5 0.7166320474476194
4 [2, 9, 7, 1] 0 0.5133961316590185
8 [5, 5, 2, 3, 0, 0, 8, 1] 2 0.47489195207483226
4 [9, 7, 9, 6] 4 0.44886201774377343
2 [4, 3] 3 0.5517270587101053
4 [3, 3, 3, 2] 6 0.3871170832241075
6 [7, 3, 2, 3, 9, 9] 3 0.5368632617025697
5 [6, 7, 6, 3, 3] 1 0.4365751245157045
2 [1, 7] 3 0.5104618517099029
10 [3, 9, 1, 9, 5, 3, 3, 9, 4, 1] 3 0.5236488666787203
7 [0, 5, 6, 1, 9, 3, 6] 6 0.44886201774377343
5 [6, 9, 0, 9, 1] 4 0.3871170832241075
7 [5, 9, 8, 8, 9, 0, 5] 5 0.8255779410491945
5 [3, 2, 1, 3, 2] 6 0.3871170832241075
3 [2, 8, 0] 2 0.5438362305829945
4 [7, 5, 7, 9] 5 0.7166320474476194
3 [2, 7, 8] 0 0.5493209401935546
10 [9, 2, 6, 7, 0, 1, 2, 6, 9, 6] 5 0.8255779410491945
4 [9, 0, 7, 3] 3 0.6255190093177246
9 [8, 6, 1, 3, 2, 0, 7, 5, 9] 0 0.5190928289521313
6 [9, 0, 4, 6, 6, 0] 4 0.44886201774377343
7 [8, 6, 9, 8, 4, 0, 0] 0 0.6566170822912821
2 [7, 2] 2 0.4999545614965372
3 [8, 3, 1] 4 0.3871170832241075
4 [1, 4, 4, 0] 5 0.8255779410491945
10 [0, 6, 3, 6, 8, 1, 0, 7, 1, 7] 2 0.46483591228533266
5 [5, 0, 2, 3, 5] 3 0.5295839392029318
7 [4, 3, 8, 3, 9, 3, 3] 3 0.5062245931988792
4 [8, 8, 7, 1] 2 0.49169460153809513
5 [1, 6, 6, 1, 9] 4 0.3871170832241075
5 [8, 2, 6, 8, 6] 6 0.44886201774377343
4 [0, 7, 0, 9] 4 0.6492069360674405
6 [9, 9, 6, 5, 3, 8] 5 0.7166320474476194
9 [6, 6, 0, 6, 2, 0, 4, 7, 2] 1 0.5249514889877119
9 [6, 5, 7, 7, 2, 2, 0, 3, 9] 4 0.3871170832241075
10 [2, 0, 5, 2, 3, 1, 0, 2, 6, 5] 5 0.8255779410491945
7 [6, 6, 9, 5, 8, 6, 0] 5 0.8255779410491945
4 [4, 6, 0, 5] 5 0.8255779410491945
2 [5, 7] 3 0.5884435228218432
2 [7, 3] 0 0.48502030411510483
10 [9, 4, 5, 5, 3, 3, 0, 9, 6, 3] 2 0.47060510922255117
4 [4, 2, 9, 7] 6 0.681255259846046
9 [0, 2, 3, 1, 8, 1, 0, 9, 6] 3 0.5387204329016109
2 [6, 8] 1 0.5079642570059566
10 [2, 5, 1, 8, 8, 9, 7, 3, 1, 1] 2 0.4446523578297542
3 [6, 6, 1] 6 0.44886201774377343
2 [5, 8] 3 0.5688015222100781
10 [2, 3, 4, 4, 5, 5, 7, 1, 3, 2] 0 0.4945320705607263
9 [6, 5, 9, 8, 9, 2, 4, 7, 7] 5 0.758961192001428
2 [5, 6] 4 0.44886201774377343
3 [3, 3, 4] 4 0.3871170832241075
7 [5, 1, 5, 4, 4, 2, 0] 6 0.5331313244221826
9 [9, 7, 4, 8, 7, 7, 9, 5, 2] 4 0.4400827940498012
10 [0, 9, 9, 7, 0, 0, 9, 2, 9, 9] 3 0.7044743723215641
5 [7, 9, 3, 7, 2] 5 0.7166320474476194
6 [3, 2, 4, 0, 7, 8] 5 0.8255779410491945
4 [0, 4, 9, 5] 4 0.5331313244221826
2 [5, 3] 1 0.43712617860256603
8 [5, 4, 7, 1, 1, 9, 5, 7] 6 0.5854712906040469
9 [9, 6, 7, 9, 5, 4, 1, 8, 7] 4 0.3871170832241075
9 [3, 7, 4, 5, 9, 8, 0, 3, 1] 5 0.8255779410491945
10 [4, 8, 7, 2, 4, 8, 4, 5, 0, 5] 3 0.6353990501751648
7 [9, 3, 3, 0, 5, 9, 8] 5 0.8255779410491945
10 [0, 4, 0, 2, 4, 1, 4, 8, 7, 2] 0 0.5990857094747821
2 [5, 2] 2 0.4750077437461746
2 [5, 0] 0 0.6478817393986009
3 [6, 8, 5] 0 0.5215382933093227
7 [0, 2, 9, 3, 1, 3, 7] 4 0.3871170832241075
7 [3, 4, 7, 7, 0, 7, 7] 0 0.620929335375792
9 [8, 9, 9, 9, 5, 2, 5, 2, 5] 3 0.5733541802026517
5 [7, 6, 4, 7, 5] 5 0.758961192001428
6 [8, 2, 1, 9, 4, 2] 5 0.758961192001428
6 [4, 6, 5, 0, 1, 1] 5 0.8255779410491945
3 [6, 9, 7] 4 0.44886201774377343
6 [3, 0, 3, 0, 3, 5] 4 0.3871170832241075
9 [0, 3, 2, 3, 3, 7, 9, 4, 3] 4 0.3871170832241075
4 [8, 2, 4, 3] 0 0.5113954515273569
9 [6, 3, 9, 5, 8, 3, 7, 6, 2] 0 0.49034235750643484
6 [4, 5, 1, 4, 0, 5] 0 0.5893288895419513
4 [8, 3, 8, 7] 6 0.606557743303138
3 [6, 3, 3] 3 0.40837237445175706
10 [5, 0, 1, 8, 3, 2, 8, 6, 6, 6] 4 0.3871170832241075
8 [2, 5, 8, 5, 8, 8, 8, 6] 3 0.5448333323383133
6 [0, 7, 8, 6, 6, 2] 3 0.5558813680941921
7 [0, 2, 4, 6, 5, 6, 2] 2 0.49399459367526666
2 [8, 6] 0 0.5159288135122474
3 [8, 0, 0] 2 0.7244864339629749
10 [7, 4, 2, 1, 0, 2, 7, 5, 4, 2] 4 0.3871170832241075
4 [9, 0, 5, 6] 3 0.6134978471137168
3 [2, 5, 1] 0 0.44568523474508437
7 [2, 2, 5, 6, 3, 5, 7] 4 0.3871170832241075
10 [7, 3, 6, 7, 9, 9, 7, 8, 2, 6] 3 0.5617763690614311
5 [3, 3, 6, 4, 4] 4 0.3871170832241075
7 [9, 9, 0, 1, 0, 3, 8] 2 0.501002469708509
2 [9, 1] 5 0.7166320474476194
5 [4, 8, 4, 0, 3] 3 0.6481816870808833
10 [9, 9, 3, 9, 6, 9, 2, 6, 3, 4] 2 0.4807951695270845
4 [6, 9, 6, 1] 1 0.4589609659141277
5 [3, 3, 8, 7, 3] 0 0.4570976394085507
6 [4, 5, 8, 9, 4, 8] 4 0.5331313244221826
5 [3, 8, 4, 8, 1] 3 0.5378582669610125
4 [2, 8, 1, 1] 3 0.45344237115728037
10 [4, 1, 7, 1, 6, 1, 2, 0, 4, 0] 5 0.8255779410491945
7 [9, 2, 3, 1, 7, 8, 0] 3 0.5570680967775142
5 [4, 3, 8, 1, 8] 2 0.45792522841707206
9 [1, 1, 1, 5, 1, 5, 9, 9, 0] 3 0.5265771876725891
4 [1, 9, 7, 1] 1 0.464934231119249
2 [3, 0] 5 0.8255779410491945
8 [4, 6, 6, 5, 4, 2, 3, 1] 3 0.5085248137831075
9 [8, 4, 1, 7, 7, 5, 6, 5, 2] 1 0.5167311598081661
8 [4, 5, 4, 9, 4, 9, 3, 5] 1 0.5859401476383461
3 [9, 7, 6] 1 0.5658580776994215
5 [9, 7, 4, 1, 4] 4 0.3871170832241075
7 [6, 8, 5, 9, 0, 5, 5] 0 0.5780192136991776
4 [4, 2, 0, 8] 4 0.4400827940498012
4 [9, 7, 1, 8] 1 0.5302923516071609
5 [8, 7, 3, 3, 6] 3 0.4908823011104594
8 [9, 9, 3, 0, 1, 2, 0, 5] 3 0.5823185166764854
4 [3, 8, 2, 4] 6 0.510080809788802
8 [4, 0, 6, 9, 0, 2, 4, 8] 4 0.4400827940498012
5 [9, 2, 5, 0, 9] 2 0.5757686393246427
10 [5, 1, 6, 5, 3, 9, 2, 3, 7, 3] 5 0.7166320474476194
2 [6, 7] 3 0.5423326812625299
10 [4, 6, 1, 2, 5, 1, 3, 1, 2, 4] 4 0.3871170832241075
10 [4, 1, 5, 6, 5, 0, 0, 9, 4, 1] 4 0.3871170832241075
8 [3, 3, 5, 7, 7, 1, 9, 8] 2 0.4596315318356542
10 [4, 5, 7, 5, 4, 1, 6, 7, 4, 7] 6 0.6492069360674405
5 [4, 8, 5, 3, 4] 2 0.5137851752444501
10 [0, 0, 0, 5, 7, 3, 6, 9, 8, 2] 0 0.5821641128059875
10 [1, 5, 5, 3, 3, 8, 8, 3, 1, 0] 0 0.4722332086147352
4 [1, 6, 9, 4] 5 0.758961192001428
3 [0, 6, 8] 5 0.8255779410491945
7 [1, 6, 0, 9, 4, 5, 9] 3 0.6084278834192359
7 [9, 7, 7, 0, 4, 5, 3] 3 0.6316017423779682
7 [9, 0, 5, 7, 5, 9, 9] 1 0.6478643418381697
2 [4, 0] 3 0.7912965473286029
9 [7, 3, 8, 8, 0, 0, 3, 9, 7] 5 0.8255779410491945
7 [9, 3, 5, 9, 6, 7, 2] 3 0.5456120110234088
9 [6, 1, 8, 3, 2, 5, 2, 5, 0] 2 0.45598970070332695
4 [8, 4, 6, 7] 2 0.5662738097146738
3 [2, 9, 2] 5 0.7166320474476194
5 [8, 2, 6, 9, 4] 6 0.606557743303138
5 [4, 0, 0, 0, 8] 2 0.7484761619329379
7 [2, 5, 8, 1, 7, 8, 1] 0 0.4946282671151287
2 [5, 3] 1 0.43712617860256603
4 [8, 5, 4, 0] 4 0.5331313244221826
8 [0, 9, 5, 4, 3, 1, 9, 1] 5 0.8255779410491945
10 [3, 4, 2, 9, 9, 3, 6, 6, 5, 7] 4 0.3871170832241075
3 [2, 9, 2] 2 0.47988329995933443
3 [1, 4, 0] 4 0.3871170832241075
2 [6, 8] 3 0.523969123916123
10 [4, 5, 8, 6, 5, 5, 4, 0, 3, 7] 6 0.567479222506098
2 [4, 9] 0 0.7371894888327726
4 [3, 9, 2, 9] 0 0.5231267816376041
10 [3, 2, 1, 8, 4, 5, 2, 0, 6, 0] 4 0.3871170832241075
4 [1, 5, 7, 9] 5 0.7166320474476194
2 [2, 9] 0 0.5452984995646939
8 [0, 4, 1, 8, 2, 6, 9, 4] 1 0.5435602441042393
2 [6, 3] 4 0.3871170832241075
2 [7, 2] 5 0.6492069360674405
5 [4, 6, 1, 6, 9] 0 0.5127197176178818
6 [5, 5, 0, 7, 7, 0] 4 0.5331313244221826
9 [5, 8, 9, 9, 5, 0, 5, 8, 5] 0 0.6080159897923811
8 [3, 0, 4, 6, 5, 7, 5, 7] 6 0.5854712906040469
6 [6, 7, 5, 0, 5, 7] 6 0.5854712906040469
4 [6, 6, 3, 3] 5 0.44886201774377343
5 [9, 2, 4, 4, 3] 1 0.5291452367378083
8 [9, 3, 4, 5, 3, 2, 2, 2] 6 0.4400827940498012
3 [2, 5, 7] 2 0.5099120393485461
7 [5, 9, 6, 2, 1, 0, 0] 0 0.547858333505191
2 [8, 3] 2 0.43567735728342377
10 [2, 2, 3, 0, 3, 1, 2, 4, 2, 1] 2 0.42730528404789414
4 [6, 1, 5, 8] 1 0.46756091869948957
4 [3, 4, 6, 3] 2 0.4255724965976759
9 [0, 2, 7, 3, 6, 6, 2, 6, 3] 4 0.3871170832241075
6 [5, 1, 4, 0, 4, 6] 2 0.5087229540075583
2 [9, 3] 3 0.5364977470194523
6 [7, 4, 8, 1, 2, 2] 2 0.4761565787063603
8 [8, 8, 5, 9, 9, 2, 1, 2] 2 0.4933768380081817
5 [6, 1, 4, 0, 1] 5 0.8255779410491945
3 [8, 8, 3] 1 0.4885472119705394
8 [8, 8, 0, 1, 8, 0, 2, 9] 6 0.606557743303138
10 [7, 6, 9, 3, 5, 3, 9, 2, 8, 4] 2 0.48447370977594695
3 [8, 2, 6] 5 0.606557743303138
7 [6, 2, 6, 3, 0, 9, 5] 5 0.8255779410491945
9 [8, 0, 1, 9, 8, 1, 0, 6, 9] 5 0.8255779410491945
2 [5, 8] 4 0.5331313244221826
3 [8, 7, 8] 5 0.6492069360674405
5 [6, 9, 8, 2, 1] 0 0.4937092780280613
6 [0, 7, 3, 2, 6, 3] 2 0.4442993669920494
2 [3, 5] 2 0.42683717202733745
10 [3, 3, 2, 5, 5, 8, 7, 7, 7, 0] 3 0.5553059880189234
7 [3, 0, 5, 8, 5, 8, 7] 5 0.8255779410491945
4 [3, 9, 3, 5] 1 0.45238604318104586
8 [1, 0, 3, 2, 3, 5, 0, 1] 1 0.44854505510286735
2 [7, 2] 4 0.4400827940498012
2 [9, 6] 5 0.7166320474476194
5 [9, 2, 0, 2, 4] 6 0.7166320474476194
2 [0, 0] 0 0.8255779410491945
6 [8, 6, 6, 4, 7, 9] 2 0.5485504683579048
9 [8, 1, 2, 5, 7, 8, 2, 5, 0] 5 0.8255779410491945
9 [7, 9, 9, 6, 3, 1, 9, 7, 3] 2 0.46641397927821737
7 [6, 7, 1, 8, 0, 0, 1] 2 0.47673955746752533
3 [1, 0, 5] 0 0.5290836454307195
6 [2, 4, 5, 8, 8, 7] 4 0.4400827940498012
5 [3, 1, 3, 9, 7] 2 0.4259436277191106
9 [7, 4, 6, 4, 5, 9, 3, 9, 4] 3 0.6223141596682593
7 [0, 5, 0, 4, 8, 3, 5] 1 0.5697176106342167
10 [8, 2, 4, 6, 0, 0, 7, 7, 0, 4] 5 0.8255779410491945
3 [2, 0, 6] 4 0.4400827940498012
6 [1, 0, 8, 8, 0, 8] 6 0.606557743303138
6 [0, 1, 4, 0, 8, 0] 2 0.5651615873079318
6 [7, 5, 2, 5, 8, 0] 5 0.8255779410491945
2 [0, 1] 2 0.44946008069007864
4 [6, 7, 7, 7] 5 0.6492069360674405
9 [9, 4, 3, 3, 4, 8, 7, 4, 4] 2 0.5238868421886361
10 [0, 9, 3, 3, 5, 3, 4, 1, 0, 2] 3 0.5437341189514338
9 [8, 5, 4, 8, 2, 3, 1, 3, 5] 2 0.45291333143593615
8 [0, 9, 0, 9, 0, 6, 9, 2] 3 0.6702382677875462
9 [6, 5, 6, 0, 9, 0, 0, 2, 0] 3 0.630316695229762
3 [7, 5, 2] 1 0.5185604046923038
9 [2, 0, 1, 6, 8, 4, 5, 8, 8] 3 0.5663344062799996
5 [7, 8, 4, 9, 8] 4 0.606557743303138
4 [2, 9, 3, 6] 0 0.4717665481264249
2 [7, 9] 5 0.7166320474476194
3 [0, 3, 9] 6 0.7166320474476194
3 [1, 2, 3] 6 0.3871170832241075
8 [3, 6, 8, 5, 2, 5, 2, 6] 3 0.4782263721597867
2 [4, 0] 1 0.7904422235037454
4 [6, 3, 4, 7] 5 0.758961192001428
3 [2, 3, 9] 1 0.45915207891520937
9 [0, 8, 1, 3, 2, 9, 5, 6, 4] 0 0.5258487098035003
2 [2, 0] 4 0.4400827940498012
3 [8, 4, 5] 2 0.6083155529389896
3 [9, 5, 7] 5 0.7166320474476194
2 [7, 4] 4 0.6492069360674405
7 [3, 9, 2, 2, 9, 8, 5] 6 0.5331313244221826
9 [6, 9, 9, 5, 6, 8, 7, 8, 7] 1 0.5700394520282063
5 [3, 8, 0, 2, 6] 2 0.46393550366162684
5 [1, 3, 5, 8, 9] 1 0.4726812414612773
8 [1, 0, 9, 0, 5, 3, 7, 0] 1 0.5488773014003939
7 [0, 9, 4, 0, 9, 8, 9] 5 0.8255779410491945
7 [9, 7, 8, 7, 2, 2, 5] 5 0.7166320474476194
3 [3, 1, 1] 3 0.3871170832241075
8 [3, 6, 9, 9, 1, 9, 9, 3] 4 0.3871170832241075
10 [7, 0, 8, 7, 4, 3, 6, 7, 7, 0] 6 0.6492069360674405
8 [5, 9, 4, 9, 3, 9, 3, 1] 4 0.3871170832241075
8 [5, 7, 3, 1, 7, 6, 1, 1] 5 0.6492069360674405
3 [1, 2, 8] 4 0.3871170832241075
9 [6, 2, 4, 3, 4, 7, 0, 6, 9] 6 0.6492069360674405
8 [7, 7, 8, 6, 4, 1, 7, 2] 5 0.758961192001428
5 [2, 8, 3, 8, 4] 5 0.758961192001428
5 [5, 6, 2, 2, 0] 6 0.44886201774377343
2 [0, 3] 6 0.5270827670867098
8 [0, 6, 1, 8, 0, 8, 4, 5] 4 0.3871170832241075
2 [2, 9] 6 0.5452984995646939
7 [6, 2, 5, 4, 6, 9, 7] 0 0.5444475296399137
6 [7, 5, 2, 2, 9, 1] 5 0.7166320474476194
9 [4, 7, 8, 9, 8, 9, 2, 6, 5] 5 0.758961192001428
2 [1, 1] 2 0.3871170832241075
2 [6, 5] 5 0.5331313244221826
10 [2, 8, 5, 1, 4, 0, 7, 6, 6, 8] 6 0.567479222506098
4 [9, 2, 2, 5] 6 0.48215889678123136
7 [8, 5, 0, 1, 4, 0, 3] 6 0.606557743303138
5 [6, 2, 9, 8, 6] 0 0.5116620121450541
8 [5, 9, 3, 4, 4, 9, 8, 8] 0 0.6068781947479215
8 [9, 4, 8, 5, 6, 6, 6, 6] 1 0.5158579205022534
2 [2, 3] 1 0.40963620125783795
9 [1, 3, 9, 2, 7, 0, 3, 4, 6] 2 0.4561467202976828
7 [9, 1, 6, 7, 4, 8, 1] 1 0.499030125274823
2 [0, 3] 6 0.5270827670867098
3 [7, 8, 7] 6 0.6492069360674405
3 [8, 7, 4] 1 0.6634418612215862
4 [1, 6, 6, 9] 4 0.3871170832241075
9 [5, 0, 2, 8, 9, 4, 1, 8, 3] 0 0.544267698289413
9 [8, 6, 9, 2, 2, 0, 1, 1, 5] 5 0.8255779410491945
7 [9, 9, 8, 8, 4, 1, 0] 4 0.3871170832241075
2 [9, 4] 0 0.7371894888327726
2 [0, 6] 1 0.5550301443236528
5 [0, 5, 8, 6, 1] 5 0.8255779410491945
7 [7, 4, 1, 5, 8, 4, 9] 0 0.59939235742562
2 [8, 0] 0 0.6993201807831693
4 [9, 7, 0, 8] 5 0.8255779410491945
6 [6, 6, 6, 1, 0, 6] 0 0.4722217514590439
8 [1, 4, 4, 0, 3, 2, 4, 8] 0 0.5613488742250612
4 [2, 0, 8, 8] 0 0.5898950090107482
2 [1, 0] 6 0.5270827670867098
5 [9, 9, 3, 4, 0] 6 0.7166320474476194
8 [8, 6, 1, 2, 4, 4, 4, 3] 3 0.5516946285351756
2 [2, 2] 5 0.4400827940498012
10 [0, 4, 9, 5, 1, 0, 8, 7, 9, 5] 0 0.6228753899787763
5 [0, 8, 2, 3, 7] 3 0.5654736986695047
7 [8, 5, 9, 8, 8, 7, 1] 5 0.7166320474476194
6 [7, 8, 7, 1, 7, 7] 3 0.5927269562593207
7 [6, 2, 8, 8, 8, 0, 0] 4 0.4400827940498012
4 [9, 4, 5, 9] 2 0.6549667238240994
6 [3, 1, 9, 7, 3, 6] 0 0.46464059146750725
8 [8, 8, 7, 7, 5, 7, 6, 2] 3 0.5680576196412187
3 [0, 4, 6] 5 0.8255779410491945
9 [6, 7, 7, 6, 7, 6, 7, 9, 0] 1 0.566586440565374
2 [6, 0] 2 0.5320103640553085
2 [0, 6] 5 0.8255779410491945
4 [9, 2, 7, 7] 2 0.562018342152423
7 [0, 0, 3, 0, 8, 3, 3] 4 0.3871170832241075
10 [3, 0, 7, 9, 0, 4, 4, 9, 6, 5] 6 0.7166320474476194
8 [0, 7, 6, 5, 1, 2, 6, 9] 6 0.48738090519988325
3 [8, 3, 9] 3 0.5590220375554086
2 [5, 1] 1 0.43712617860256603
6 [7, 0, 3, 8, 2, 5] 6 0.567479222506098
6 [6, 6, 8, 4, 0, 6] 0 0.5524312927842653
5 [8, 1, 8, 7, 3] 6 0.606557743303138
4 [3, 2, 2, 4] 4 0.3871170832241075
9 [9, 2, 6, 7, 4, 1, 9, 5, 0] 0 0.5689324718240804
4 [3, 9, 5, 2] 3 0.5107849634635871
7 [4, 9, 2, 2, 8, 8, 6] 2 0.5180820603778543
2 [5, 0] 3 0.6609733193776148
2 [9, 3] 1 0.47000452694074357
9 [5, 8, 9, 8, 5, 6, 7, 7, 8] 0 0.5843655694168188
8 [0, 1, 1, 0, 3, 1, 9, 2] 6 0.4119042381174401
2 [0, 9] 5 0.8255779410491945
2 [2, 6] 3 0.4444740737799972
7 [0, 3, 0, 1, 6, 1, 2] 1 0.4520847704885894
9 [7, 4, 1, 8, 6, 9, 9, 8, 2] 5 0.758961192001428
2 [1, 6] 2 0.409911597502676
9 [5, 7, 9, 6, 6, 6, 3, 6, 3] 1 0.46323631430008905
10 [3, 9, 2, 2, 6, 8, 1, 0, 2, 7] 2 0.4625494538148558
5 [7, 2, 0, 8, 8] 5 0.8255779410491945
7 [1, 8, 2, 1, 5, 3, 8] 2 0.43361688062661813
8 [1, 5, 3, 8, 8, 6, 9, 4] 2 0.47751025158561905
4 [5, 8, 0, 5] 6 0.567479222506098
3 [5, 4, 5] 5 0.758961192001428
10 [7, 2, 1, 4, 7, 1, 1, 9, 3, 6] 3 0.5100774777283614
8 [7, 2, 6, 4, 6, 7, 8, 5] 1 0.5337792763147086
2 [5, 7] 2 0.5796006175211731
3 [9, 1, 2] 1 0.45915207891520937
8 [7, 8, 4, 9, 7, 3, 6, 5] 0 0.5662073096461767
2 [0, 5] 0 0.6478817393986009
8 [8, 4, 9, 7, 4, 0, 4, 6] 6 0.7371894888327726
5 [8, 4, 4, 4, 1] 0 0.6109021547792345
10 [9, 2, 7, 8, 8, 5, 0, 0, 0, 9] 4 0.4400827940498012
6 [6, 3, 1, 2, 7, 1] 0 0.4350950524562667
5 [4, 0, 4, 0, 9] 0 0.7748163076240846
7 [9, 0, 9, 0, 0, 5, 7] 1 0.7041107792789761
6 [3, 9, 9, 1, 2, 7] 1 0.48254398518870234
3 [3, 0, 3] 0 0.47039135084033523
7 [8, 9, 6, 3, 4, 6, 0] 6 0.606557743303138
6 [8, 0, 0, 0, 4, 7] 0 0.737064788826517
10 [4, 1, 3, 8, 6, 5, 4, 1, 5, 9] 1 0.49033047033442306
8 [9, 2, 0, 8, 8, 1, 9, 9] 0 0.5903922132368702
5 [2, 3, 6, 8, 8] 2 0.456940762746415
9 [0, 0, 8, 1, 6, 2, 5, 8, 0] 2 0.5150198185343523
9 [5, 0, 7, 3, 2, 1, 7, 8, 8] 3 0.553601296518904
9 [5, 6, 3, 1, 2, 3, 2, 0, 4] 5 0.8255779410491945
3 [1, 5, 7] 5 0.6492069360674405
3 [1, 0, 4] 5 0.8255779410491945
4 [7, 4, 5, 4] 0 0.6610223932381093
7 [7, 3, 3, 7, 9, 1, 9] 4 0.3871170832241075
4 [6, 3, 0, 0] 5 0.8255779410491945
8 [5, 9, 7, 7, 6, 8, 6, 4] 4 0.44886201774377343
8 [3, 6, 9, 7, 1, 4, 9, 2] 2 0.47146480199490753
7 [4, 5, 6, 4, 9, 5, 7] 4 0.44886201774377343
5 [6, 8, 3, 8, 4] 4 0.3871170832241075
6 [7, 1, 2, 2, 4, 4] 4 0.3871170832241075
7 [7, 8, 4, 1, 1, 8, 8] 6 0.606557743303138
9 [1, 6, 2, 3, 9, 2, 1, 4, 9] 1 0.46134850169296365
6 [3, 5, 9, 2, 8, 3] 4 0.3871170832241075
9 [8, 5, 0, 9, 4, 7, 8, 9, 9] 3 0.6747888642411985
7 [6, 8, 8, 8, 4, 5, 6] 3 0.5655329809703376
8 [2, 2, 4, 6, 0, 9, 0, 6] 1 0.5422877175232207
3 [2, 9, 3] 6 0.4400827940498012
3 [3, 4, 8] 6 0.606557743303138
2 [7, 3] 5 0.6492069360674405
10 [9, 0, 4, 5, 2, 6, 1, 7, 4, 6] 5 0.8255779410491945
4 [0, 9, 5, 3] 3 0.595559415985085
7 [3, 4, 2, 4, 8, 4, 1] 1 0.5045967805248709
4 [9, 1, 6, 2] 2 0.44422057001230947
4 [5, 8, 8, 2] 3 0.5436417516335852
6 [9, 5, 7, 5, 6, 4] 0 0.586359826588395
4 [6, 4, 6, 8] 6 0.5159288135122474
9 [0, 9, 6, 9, 5, 5, 9, 1, 8] 1 0.5544129284610131
2 [4, 9] 4 0.7166320474476194
9 [1, 4, 0, 9, 9, 1, 3, 7, 9] 1 0.5228068423418814
2 [0, 1] 1 0.4827057238270442
10 [4, 8, 5, 8, 5, 6, 8, 5, 1, 1] 6 0.5331313244221826
6 [2, 6, 0, 7, 3, 1] 5 0.8255779410491945
3 [8, 8, 9] 6 0.606557743303138
4 [7, 5, 5, 0] 3 0.6235795890467032
7 [3, 6, 7, 5, 4, 9, 2] 6 0.5331313244221826
8 [4, 5, 2, 6, 4, 7, 1, 7] 4 0.3871170832241075
9 [2, 2, 7, 5, 5, 6, 1, 9, 0] 1 0.503510086927188
9 [0, 2, 7, 7, 9, 7, 2, 7, 7] 1 0.5905290043383504
5 [5, 3, 0, 9, 1] 4 0.3871170832241075
3 [2, 4, 4] 5 0.758961192001428
3 [2, 9, 6] 5 0.7166320474476194
5 [9, 2, 6, 6, 6] 3 0.49361985258976554
4 [6, 3, 1, 6] 4 0.3871170832241075
4 [5, 6, 8, 6] 2 0.49059670106565845
4 [0, 0, 0, 1] 3 0.6860163241076755
6 [9, 2, 5, 4, 9, 7] 0 0.6124465069628796
8 [5, 4, 4, 0, 8, 5, 2, 7] 1 0.5989587098774586
4 [4, 5, 8, 5] 6 0.567479222506098
4 [2, 2, 2, 7] 3 0.4879074024212026
4 [3, 9, 0, 0] 3 0.6630440533919246
10 [4, 0, 2, 0, 3, 1, 3, 5, 2, 9] 2 0.46289941631112835
5 [3, 3, 6, 7, 4] 6 0.44886201774377343
6 [9, 5, 1, 8, 9, 2] 4 0.3871170832241075
10 [7, 3, 5, 3, 2, 0, 2, 1, 1, 7] 0 0.4751709954273769
9 [5, 9, 9, 3, 3, 3, 5, 4, 5] 1 0.4894083568045842
3 [3, 4, 8] 5 0.758961192001428
6 [4, 8, 7, 6, 8, 4] 6 0.6271580982436689
4 [7, 1, 3, 9] 0 0.49369594941932243
4 [2, 4, 2, 6] 1 0.48197147919385697
10 [9, 8, 8, 8, 2, 1, 2, 2, 3, 0] 3 0.5334171565931505
6 [1, 2, 7, 7, 6, 0] 0 0.5274582397634369
4 [7, 2, 9, 9] 3 0.6203392285059963
6 [4, 0, 8, 6, 2, 2] 0 0.5479468926848972
8 [9, 1, 9, 3, 3, 4, 6, 5] 2 0.45260540328786575
7 [0, 6, 7, 8, 9, 1, 3] 5 0.8255779410491945
2 [8, 5] 1 0.5661596237649765
3 [9, 1, 5] 1 0.4880632044110021
4 [8, 5, 9, 8] 5 0.7166320474476194
4 [6, 1, 1, 0] 0 0.46481769205113443
5 [7, 0, 5, 8, 4] 6 0.6492069360674405
8 [4, 1, 6, 6, 0, 2, 8, 5] 3 0.5412750545125758
9 [3, 5, 5, 4, 8, 4, 1, 3, 9] 0 0.5238570593381694
8 [7, 7, 9, 7, 0, 7, 7, 7] 0 0.675177598019664
6 [9, 3, 6, 4, 5, 9] 2 0.5036304932738302
6 [6, 2, 8, 0, 4, 5] 1 0.5513950304769304
2 [0, 6] 4 0.44886201774377343
2 [1, 2] 3 0.41416380004308995
9 [5, 0, 0, 0, 6, 2, 5, 6, 6] 3 0.5712944545362457
2 [4, 8] 1 0.6708985091389488
2 [8, 8] 6 0.606557743303138
6 [9, 8, 6, 3, 6, 4] 5 0.758961192001428
8 [7, 0, 1, 7, 5, 7, 9, 7] 2 0.5537614885053281
6 [8, 5, 5, 3, 1, 4] 0 0.5048781918289751
7 [4, 0, 3, 0, 2, 5, 7] 6 0.6492069360674405
9 [9, 9, 6, 1, 4, 7, 9, 4, 8] 5 0.758961192001428
7 [3, 0, 8, 0, 7, 0, 7] 4 0.3871170832241075
8 [5, 7, 3, 2, 1, 3, 5, 6] 2 0.43392433825700566
5 [2, 4, 1, 2, 9] 6 0.4400827940498012
9 [7, 3, 6, 0, 6, 9, 9, 7, 8] 2 0.5216395500893026
8 [1, 2, 7, 6, 7, 5, 1, 9] 2 0.4624998200660579
10 [8, 0, 3, 0, 6, 0, 6, 5, 1, 4] 2 0.49293383980892275
7 [1, 5, 3, 9, 0, 5, 4] 3 0.573612695437802
3 [3, 6, 1] 4 0.3871170832241075
3 [3, 5, 7] 6 0.5331313244221826
2 [7, 9] 4 0.6492069360674405
3 [2, 8, 6] 1 0.4811250050530186
3 [6, 4, 4] 3 0.6377288195707075
5 [2, 3, 6, 3, 1] 4 0.3871170832241075
6 [6, 9, 2, 7, 7, 7] 4 0.4400827940498012
7 [8, 5, 2, 1, 4, 1, 2] 4 0.3871170832241075
8 [8, 1, 9, 8, 2, 2, 0, 2] 2 0.4829755862166194
3 [6, 9, 2] 6 0.44886201774377343
10 [1, 5, 8, 9, 8, 8, 9, 8, 4, 8] 1 0.578065009654146
5 [6, 6, 0, 9, 4] 1 0.5732867986341266
10 [3, 3, 3, 3, 7, 6, 7, 1, 5, 5] 1 0.4399127047989833
8 [0, 4, 4, 6, 7, 4, 6, 0] 2 0.6002918931848207
3 [0, 1, 5] 0 0.5290836454307195
9 [5, 1, 9, 8, 2, 9, 7, 4, 7] 2 0.5315086496968249
2 [4, 6] 4 0.44886201774377343
3 [6, 1, 4] 6 0.44886201774377343
4 [7, 1, 2, 7] 2 0.46430658228799015
8 [0, 8, 4, 2, 2, 9, 9, 9] 4 0.4400827940498012
3 [1, 3, 4] 4 0.3871170832241075
10 [4, 9, 0, 3, 2, 3, 7, 0, 5, 5] 4 0.3871170832241075
10 [2, 4, 5, 1, 4, 8, 7, 1, 5, 5] 3 0.5484822021421348
10 [2, 5, 3, 1, 1, 9, 9, 9, 6, 6] 3 0.508205299061875
3 [0, 2, 8] 2 0.5438362305829945
7 [9, 6, 9, 5, 9, 6, 4] 5 0.758961192001428
5 [4, 7, 9, 5, 2] 0 0.595141899748819
2 [6, 0] 6 0.5815426264177432
4 [3, 3, 2, 0] 4 0.3871170832241075
9 [5, 3, 9, 6, 6, 2, 9, 7, 8] 2 0.4904027248490495
6 [5, 1, 2, 1, 7, 5] 6 0.48215889678123136
7 [1, 1, 8, 5, 4, 1, 0] 3 0.5379474495202755
9 [6, 4, 8, 3, 7, 5, 2, 2, 9] 2 0.48960192732928703
7 [2, 8, 6, 1, 9, 2, 9] 0 0.5074253185844307
2 [1, 5] 0 0.44854028884133046
8 [8, 0, 5, 8, 1, 1, 1, 6] 0 0.4889459111672715
6 [4, 5, 4, 4, 7, 4] 5 0.758961192001428
8 [4, 6, 6, 9, 8, 4, 9, 4] 4 0.44886201774377343
6 [2, 1, 5, 4, 6, 7] 2 0.4730752661521634
3 [8, 5, 5] 0 0.5555485014777711
8 [3, 3, 3, 6, 2, 7, 3, 9] 2 0.42300996640889377
6 [1, 7, 2, 7, 5, 1] 2 0.44957750172622424
5 [7, 2, 7, 9, 6] 3 0.5713939114944326
9 [2, 8, 3, 7, 5, 9, 8, 1, 7] 6 0.606557743303138
2 [5, 8] 1 0.5661596237649765
8 [2, 4, 7, 8, 3, 3, 3, 5] 1 0.46618695364861135
6 [3, 5, 1, 2, 6, 1] 6 0.4119042381174401
3 [9, 6, 4] 1 0.5865489471429972
10 [6, 7, 9, 7, 1, 7, 8, 3, 6, 0] 1 0.515308377675556
6 [6, 9, 5, 6, 1, 8] 1 0.4866032737168652
10 [2, 7, 3, 7, 4, 1, 7, 1, 1, 4] 2 0.45150936307781914
9 [1, 4, 5, 0, 6, 2, 2, 1, 0] 6 0.44886201774377343
6 [9, 4, 0, 4, 1, 4] 4 0.3871170832241075
5 [6, 1, 3, 1, 1] 5 0.44886201774377343
4 [8, 5, 0, 1] 3 0.5714518110149733
4 [4, 4, 7, 6] 5 0.758961192001428
8 [6, 9, 9, 6, 9, 9, 3, 9] 0 0.5707766101618168
6 [4, 5, 2, 6, 7, 5] 5 0.758961192001428
9 [8, 3, 8, 2, 9, 6, 8, 0, 6] 6 0.606557743303138
5 [9, 3, 9, 2, 1] 1 0.46337722690256566
3 [1, 5, 7] 6 0.5331313244221826
4 [0, 6, 5, 6] 1 0.5157374065594414
6 [4, 9, 9, 3, 4, 6] 4 0.3871170832241075
4 [7, 6, 3, 8] 6 0.5159288135122474
7 [7, 3, 6, 3, 9, 4, 6] 1 0.48041335891637277
10 [3, 1, 8, 4, 7, 8, 3, 4, 4, 8] 6 0.606557743303138
2 [2, 9] 1 0.5264849023771448
6 [8, 8, 0, 5, 0, 2] 6 0.606557743303138
7 [2, 7, 7, 8, 3, 0, 1] 4 0.3871170832241075
7 [8, 2, 3, 0, 8, 7, 2] 1 0.5096804665664888
8 [8, 5, 6, 9, 7, 8, 3, 9] 3 0.5747380739151076
2 [8, 5] 6 0.567479222506098
2 [7, 3] 6 0.48502030411510483
2 [9, 7] 1 0.6806024619808546
5 [7, 7, 0, 2, 4] 2 0.5950303274830409
2 [6, 8] 1 0.5079642570059566
2 [1, 3] 2 0.3871170832241075
9 [4, 6, 0, 4, 1, 2, 3, 0, 4] 5 0.8255779410491945
7 [1, 1, 9, 3, 8, 0, 3] 3 0.5121740758218701
8 [3, 6, 6, 7, 2, 9, 1, 4] 0 0.4954249010522668
9 [1, 4, 3, 3, 2, 5, 8, 1, 5] 2 0.43418085960703684
9 [1, 1, 8, 1, 1, 0, 1, 6, 5] 4 0.3871170832241075
4 [9, 1, 7, 5] 2 0.49018551838482866
9 [9, 7, 6, 2, 6, 6, 5, 3, 2] 1 0.4721121174297957
8 [8, 0, 4, 0, 1, 3, 3, 9] 3 0.5883556752447332
5 [1, 4, 2, 8, 3] 3 0.5049569370529601
10 [8, 6, 1, 4, 0, 0, 7, 0, 0, 0] 1 0.6170722778451708
2 [4, 9] 6 0.7371894888327726
3 [7, 9, 5] 3 0.628075906345731
8 [8, 9, 2, 9, 8, 2, 2, 5] 6 0.567479222506098
4 [9, 9, 4, 6] 6 0.7166320474476194
5 [7, 1, 7, 3, 7] 1 0.48355749226228806
5 [6, 5, 2, 3, 8] 3 0.48112311047818723
10 [9, 0, 6, 5, 4, 7, 1, 5, 6, 9] 6 0.5854712906040469
7 [8, 3, 9, 7, 8, 2, 8] 6 0.606557743303138
5 [5, 5, 0, 5, 3] 4 0.3871170832241075
7 [0, 1, 0, 1, 2, 6, 5] 6 0.44886201774377343
7 [2, 8, 4, 9, 1, 2, 7] 0 0.5372303540018715
9 [2, 8, 4, 8, 1, 7, 8, 7, 4] 4 0.3871170832241075
2 [2, 0] 5 0.8255779410491945
9 [6, 9, 8, 6, 3, 8, 7, 6, 8] 0 0.5248282751312122
7 [3, 6, 3, 8, 7, 5, 1] 3 0.48198083349787074
10 [9, 0, 1, 3, 1, 2, 0, 1, 3, 0] 1 0.4615136135664778
3 [4, 4, 4] 4 0.758961192001428
8 [4, 1, 7, 5, 9, 6, 1, 7] 4 0.3871170832241075
9 [8, 3, 8, 4, 3, 9, 5, 6, 1] 6 0.5331313244221826
8 [0, 9, 2, 4, 5, 1, 5, 6] 2 0.4980410221668135
10 [8, 4, 9, 8, 7, 8, 9, 4, 7, 4] 2 0.6724360376500956
9 [9, 2, 0, 9, 9, 6, 3, 7, 4] 4 0.3871170832241075
10 [3, 1, 6, 2, 5, 5, 0, 1, 5, 2] 1 0.4542515816164936
9 [5, 2, 5, 6, 3, 5, 4, 7, 9] 0 0.5305404869582007
3 [4, 9, 9] 1 0.7300261036999439
9 [4, 7, 3, 2, 2, 4, 3, 1, 7] 2 0.45306461314817453
10 [6, 8, 9, 2, 4, 7, 5, 2, 9, 9] 4 0.4400827940498012
7 [0, 6, 6, 0, 2, 7, 4] 1 0.5594753527019255
3 [3, 0, 0] 5 0.8255779410491945
2 [4, 7] 5 0.758961192001428
8 [7, 4, 7, 6, 5, 1, 8, 7] 4 0.3871170832241075
9 [8, 6, 3, 9, 0, 7, 6, 8, 7] 6 0.606557743303138
5 [7, 8, 3, 3, 0] 1 0.4899931497138098
4 [1, 5, 8, 8] 3 0.5298490367244492
9 [8, 4, 8, 7, 5, 7, 4, 5, 1] 4 0.3871170832241075
7 [7, 3, 6, 4, 7, 3, 0] 5 0.8255779410491945
5 [7, 6, 1, 1, 2] 2 0.4260158815535094
5 [4, 5, 6, 9, 4] 1 0.5983918542429267
4 [6, 9, 1, 5] 6 0.48738090519988325
2 [7, 8] 3 0.6274898718168823
9 [2, 2, 6, 3, 2, 8, 2, 6, 2] 4 0.3871170832241075
5 [1, 8, 5, 0, 7] 0 0.5643869893976954
9 [4, 2, 0, 6, 7, 0, 0, 2, 6] 3 0.6058269132527005
7 [1, 1, 1, 5, 0, 3, 0] 6 0.3871170832241075
2 [0, 3] 0 0.5270827670867098
4 [0, 9, 9, 0] 6 0.7672568776426345
2 [7, 7] 2 0.6492069360674405
2 [9, 7] 5 0.7166320474476194
9 [5, 4, 3, 6, 4, 9, 1, 5, 0] 1 0.520038891073744
5 [8, 1, 3, 2, 4] 6 0.4400827940498012
9 [5, 3, 5, 5, 0, 7, 8, 6, 9] 4 0.3871170832241075
8 [3, 2, 1, 3, 9, 5, 6, 5] 2 0.43497145500602563
6 [9, 7, 9, 2, 5, 5] 1 0.5682488089995575
6 [7, 7, 4, 4, 9, 1] 2 0.5503758286959104
5 [5, 6, 8, 4, 7] 6 0.606557743303138
7 [6, 9, 6, 2, 6, 0, 3] 0 0.4948481071403035
6 [3, 4, 7, 5, 4, 2] 5 0.758961192001428
5 [9, 1, 2, 2, 6] 2 0.44337357407632433
4 [3, 1, 9, 2] 2 0.4230902618959164
4 [4, 9, 3, 2] 3 0.5581470788388212
7 [4, 7, 1, 7, 2, 4, 7] 1 0.5511012519657839
3 [0, 9, 9] 5 0.8255779410491945
10 [0, 4, 0, 5, 6, 7, 7, 8, 8, 8] 4 0.44886201774377343
3 [4, 3, 1] 6 0.3871170832241075
2 [7, 4] 5 0.758961192001428
8 [8, 7, 9, 8, 0, 5, 9, 6] 6 0.6271580982436689
10 [7, 1, 3, 3, 8, 8, 6, 2, 1, 4] 6 0.44442905406681643
9 [1, 4, 0, 7, 4, 6, 2, 6, 3] 6 0.44886201774377343
10 [1, 3, 0, 2, 1, 2, 7, 8, 7, 8] 5 0.8255779410491945
2 [3, 7] 4 0.3871170832241075
3 [3, 7, 0] 3 0.5981071351052947
3 [3, 3, 7] 4 0.3871170832241075
3 [5, 9, 2] 6 0.5331313244221826
5 [6, 3, 1, 7, 6] 3 0.461152072866817
8 [6, 5, 8, 1, 2, 4, 5, 1] 4 0.3871170832241075
5 [1, 9, 1, 2, 4] 3 0.5224162917185873
7 [1, 2, 3, 0, 5, 1, 3] 1 0.42958494633301436
6 [3, 3, 3, 5, 3, 1] 4 0.3871170832241075
10 [8, 4, 0, 4, 2, 8, 2, 2, 1, 2] 1 0.5092981925332979
2 [9, 3] 2 0.4441023017883981
5 [2, 7, 4, 4, 5] 3 0.615378105783258
3 [8, 6, 0] 5 0.8255779410491945
7 [9, 2, 1, 1, 5, 4, 4] 3 0.5526869222985128
4 [9, 8, 2, 4] 1 0.585559759941859
4 [5, 9, 1, 6] 5 0.7166320474476194
4 [7, 3, 8, 5] 3 0.5390462252550162
10 [2, 2, 0, 1, 0, 9, 2, 9, 0, 5] 3 0.5925664749310602
10 [4, 4, 3, 2, 7, 8, 7, 5, 1, 0] 1 0.5305293959635425
4 [1, 0, 6, 1] 3 0.49391314168579264
8 [4, 9, 5, 3, 9, 3, 9, 7] 5 0.758961192001428
7 [0, 5, 4, 1, 9, 3, 1] 0 0.5166210567190909
10 [5, 1, 3, 7, 1, 0, 6, 5, 1, 2] 2 0.4367676201897316
9 [9, 7, 6, 8, 3, 6, 8, 0, 6] 3 0.5580064437215752
4 [5, 4, 9, 8] 1 0.6355456122859194
7 [3, 1, 0, 6, 7, 4, 7] 4 0.3871170832241075
10 [9, 3, 7, 1, 7, 9, 1, 2, 4, 9] 2 0.476423341623028
3 [0, 2, 3] 0 0.49449705728235066
10 [7, 1, 0, 0, 0, 8, 2, 6, 7, 4] 3 0.6217032563473647
4 [9, 8, 2, 5] 6 0.567479222506098
5 [6, 8, 5, 7, 5] 5 0.6492069360674405
4 [4, 4, 7, 9] 0 0.7180119396730171
9 [2, 7, 0, 4, 7, 9, 1, 7, 6] 3 0.598525002253031
10 [8, 5, 6, 9, 7, 7, 7, 6, 9, 4] 3 0.6092287799929785
7 [1, 3, 7, 6, 4, 9, 5] 1 0.4923440782991355
2 [4, 7] 4 0.6492069360674405
4 [7, 2, 5, 0] 0 0.5797417589840862
7 [5, 2, 8, 5, 3, 3, 0] 5 0.8255779410491945
2 [4, 8] 1 0.6708985091389488
10 [6, 3, 5, 9, 2, 5, 2, 5, 0, 6] 4 0.3871170832241075
10 [7, 9, 2, 0, 8, 4, 9, 1, 9, 5] 6 0.681255259846046
7 [3, 3, 6, 0, 2, 4, 5] 2 0.4549191457878125
5 [5, 0, 6, 4, 6] 4 0.44886201774377343
2 [3, 0] 0 0.5270827670867098
10 [7, 3, 9, 3, 9, 2, 0, 0, 2, 8] 6 0.6271580982436689
8 [4, 1, 4, 0, 5, 8, 0, 4] 5 0.8255779410491945
6 [0, 4, 1, 8, 5, 4] 2 0.5372419646749473
2 [3, 6] 1 0.412763034296098
8 [6, 7, 7, 6, 4, 9, 5, 9] 2 0.5628880965568307
10 [1, 6, 6, 8, 8, 3, 4, 3, 1, 4] 0 0.48260266495143656
4 [3, 6, 4, 4] 1 0.5054365004133103
2 [6, 2] 6 0.44442905406681643
8 [3, 5, 9, 6, 6, 4, 9, 5] 4 0.3871170832241075
8 [9, 0, 3, 8, 5, 6, 1, 0] 0 0.5428671131700556
2 [2, 2] 6 0.4400827940498012
8 [0, 7, 2, 9, 2, 0, 3, 5] 0 0.557032847059492
3 [6, 0, 1] 2 0.44926019314056465
3 [7, 1, 3] 1 0.4291167023581043
8 [7, 9, 8, 9, 5, 0, 7, 3] 6 0.6492069360674405
7 [4, 4, 9, 6, 1, 5, 9] 0 0.5779021255135544
5 [1, 4, 5, 6, 2] 0 0.48653966032572366
7 [2, 3, 9, 0, 6, 1, 0] 4 0.3871170832241075
4 [4, 5, 2, 6] 3 0.534036186413558
4 [5, 7, 8, 5] 4 0.5331313244221826
10 [7, 0, 5, 7, 9, 2, 0, 2, 7, 0] 0 0.6222555870280173
3 [6, 5, 6] 0 0.4738271522067461
6 [1, 8, 2, 0, 0, 4] 1 0.5504581226708906
3 [4, 9, 3] 5 0.758961192001428
3 [2, 6, 2] 4 0.4400827940498012
5 [4, 1, 1, 5, 1] 6 0.3871170832241075
2 [3, 8] 2 0.43567735728342377
4 [4, 7, 9, 8] 1 0.6757017399914529
9 [6, 3, 7, 7, 7, 1, 8, 4, 8] 3 0.5619773862478625
3 [5, 2, 3] 2 0.43096499839778635
5 [0, 2, 4, 4, 5] 3 0.6446632294544331
7 [2, 9, 3, 4, 3, 9, 1] 4 0.3871170832241075
10 [3, 2, 7, 9, 1, 2, 1, 5, 5, 9] 3 0.5107203316934751
4 [1, 7, 0, 7] 2 0.5093279534638119
3 [5, 8, 2] 3 0.5239130511846909
4 [4, 8, 8, 4] 1 0.6708985091389488
10 [1, 3, 0, 5, 1, 2, 1, 0, 4, 9] 2 0.4521427198536948
3 [8, 7, 3] 6 0.606557743303138
5 [1, 2, 7, 9, 3] 2 0.4414022237705664
10 [7, 7, 2, 4, 9, 5, 2, 0, 9, 1] 5 0.8255779410491945
3 [8, 1, 1] 3 0.45789596715335656
10 [3, 8, 5, 7, 4, 4, 0, 7, 6, 9] 2 0.5491545208539321
2 [7, 7] 3 0.6492069360674405
5 [0, 6, 5, 8, 2] 3 0.5567299264151967
5 [6, 6, 8, 3, 1] 4 0.3871170832241075
3 [5, 2, 0] 1 0.5413460445299898
3 [0, 0, 1] 0 0.5993116123112836
10 [7, 4, 8, 8, 9, 6, 7, 0, 0, 6] 5 0.8255779410491945
6 [5, 4, 9, 8, 7, 1] 3 0.5980669481765394
3 [2, 7, 8] 2 0.5261709691595821
9 [5, 5, 3, 8, 2, 5, 3, 6, 5] 1 0.467944861969517
2 [6, 9] 1 0.5348549202349562
4 [3, 0, 8, 3] 6 0.4726070503670337
7 [5, 1, 9, 6, 5, 2, 6] 5 0.7166320474476194
2 [2, 3] 6 0.4119042381174401
6 [3, 4, 8, 9, 1, 1] 0 0.4954072551892964
7 [5, 3, 5, 3, 9, 3, 5] 3 0.4916389381600719
5 [6, 5, 7, 1, 7] 0 0.5119045339858942
8 [6, 2, 0, 3, 1, 5, 1, 0] 6 0.44442905406681643
6 [0, 1, 5, 3, 1, 2] 5 0.8255779410491945
8 [5, 0, 1, 4, 0, 5, 5, 3] 5 0.8255779410491945
5 [9, 6, 2, 0, 5] 4 0.4400827940498012
4 [6, 4, 9, 8] 4 0.44886201774377343
6 [7, 3, 5, 9, 0, 9] 1 0.5707071056332639
6 [0, 8, 0, 9, 0, 8] 2 0.7100528771945408
2 [3, 4] 3 0.5517270587101053
8 [4, 4, 5, 4, 3, 5, 9, 1] 0 0.5607737088963177
9 [4, 0, 9, 9, 5, 6, 9, 0, 2] 1 0.6088236203891112
5 [6, 6, 4, 9, 5] 1 0.5378325461882573
6 [2, 2, 3, 6, 1, 2] 1 0.4198809463967254
10 [9, 8, 8, 9, 1, 1, 1, 1, 8, 6] 0 0.4926733849697082
5 [7, 1, 1, 8, 0] 1 0.4899931497138098
6 [0, 6, 4, 5, 3, 9] 1 0.5361790907309673
9 [2, 9, 1, 7, 1, 2, 5, 2, 1] 2 0.4376028070997446
7 [8, 0, 8, 8, 4, 5, 4] 1 0.6501486649157697
5 [5, 7, 7, 2, 7] 6 0.6492069360674405
2 [0, 3] 0 0.5270827670867098
2 [3, 9] 2 0.4441023017883981
8 [0, 8, 3, 6, 2, 6, 5, 6] 4 0.3871170832241075
7 [7, 2, 2, 0, 5, 2, 8] 4 0.4400827940498012
7 [2, 9, 9, 6, 8, 2, 8] 5 0.7166320474476194
7 [3, 7, 2, 4, 1, 4, 9] 6 0.6492069360674405
10 [5, 5, 2, 9, 9, 4, 0, 5, 4, 5] 4 0.4400827940498012
3 [5, 9, 5] 6 0.5331313244221826
10 [6, 5, 1, 0, 7, 1, 6, 7, 0, 3] 3 0.5374947601026996
3 [6, 2, 6] 0 0.4458969476096587
5 [4, 5, 7, 0, 4] 1 0.6808282342462143
9 [6, 0, 5, 8, 9, 6, 3, 2, 4] 0 0.5369977350085052
2 [9, 1] 4 0.3871170832241075
2 [6, 5] 5 0.5331313244221826
3 [7, 7, 8] 6 0.6492069360674405
6 [0, 8, 8, 5, 0, 0] 0 0.6812898891933787
10 [8, 3, 4, 4, 2, 9, 0, 1, 4, 0] 3 0.6249593876621014
3 [5, 7, 4] 5 0.758961192001428
3 [5, 3, 0] 5 0.8255779410491945
2 [4, 6] 1 0.5433113920619692
3 [8, 7, 7] 6 0.6492069360674405
2 [3, 0] 4 0.3871170832241075
8 [9, 9, 4, 0, 8, 7, 9, 3] 3 0.6600350950807993
8 [6, 0, 7, 1, 8, 2, 6, 4] 4 0.3871170832241075
6 [8, 4, 6, 7, 9, 4] 5 0.758961192001428
10 [3, 8, 8, 6, 0, 2, 7, 0, 0, 1] 2 0.4926424337453396
4 [0, 4, 5, 0] 3 0.7223614681677765
9 [0, 3, 7, 8, 9, 1, 4, 8, 0] 3 0.6225212490358425
4 [8, 6, 2, 4] 1 0.5206688365345025
4 [0, 2, 6, 1] 4 0.3871170832241075
5 [2, 5, 3, 4, 1] 0 0.4702785732521284
5 [7, 7, 2, 2, 4] 4 0.4400827940498012
9 [3, 5, 7, 9, 7, 4, 7, 3, 2] 1 0.5150536664862979
6 [2, 6, 4, 1, 7, 8] 4 0.3871170832241075
2 [4, 8] 3 0.6776310543935016
10 [1, 9, 1, 5, 7, 8, 1, 7, 2, 2] 5 0.7166320474476194
8 [4, 0, 1, 1, 1, 1, 8, 0] 2 0.44502864468639386
9 [7, 2, 4, 7, 0, 4, 3, 6, 2] 2 0.5024229749832148
6 [1, 3, 3, 9, 7, 3] 2 0.4172353268645393
2 [4, 3] 4 0.3871170832241075
9 [7, 2, 4, 4, 8, 2, 3, 7, 2] 2 0.49462944198188996
7 [2, 5, 1, 7, 9, 9, 1] 2 0.4664694281981254
7 [6, 2, 2, 5, 0, 9, 8] 5 0.8255779410491945
3 [6, 4, 2] 4 0.4400827940498012
10 [3, 0, 3, 1, 5, 4, 4, 4, 2, 4] 4 0.3871170832241075
8 [7, 5, 3, 9, 6, 2, 8, 4] 4 0.3871170832241075
9 [6, 5, 9, 3, 0, 1, 6, 8, 9] 6 0.5331313244221826
6 [0, 3, 6, 3, 3, 5] 3 0.48250596664596224
3 [4, 9, 4] 4 0.7166320474476194
7 [6, 7, 1, 3, 0, 9, 4] 3 0.5763913708309597
10 [8, 0, 4, 9, 0, 9, 3, 0, 8, 8] 6 0.7166320474476194
8 [8, 6, 1, 9, 5, 5, 5, 6] 4 0.3871170832241075
5 [3, 3, 0, 2, 6] 0 0.4596507486766266
4 [9, 6, 5, 2] 6 0.48738090519988325
6 [9, 9, 4, 7, 6, 1] 0 0.5736237607026992
8 [1, 7, 1, 6, 6, 0, 8, 0] 1 0.49728978801151513
7 [7, 7, 7, 5, 0, 3, 9] 3 0.617950317853873
7 [2, 7, 6, 0, 7, 1, 5] 5 0.8255779410491945
5 [8, 0, 6, 7, 6] 6 0.606557743303138
2 [8, 4] 2 0.6675888126821107
5 [2, 9, 9, 1, 3] 5 0.7166320474476194
6 [3, 6, 2, 5, 5, 5] 5 0.5331313244221826
10 [6, 5, 7, 7, 9, 0, 1, 2, 2, 2] 3 0.540268405256521
7 [3, 0, 3, 3, 1, 4, 6] 0 0.46389841602697257
4 [3, 3, 1, 8] 6 0.3871170832241075
6 [6, 8, 7, 3, 0, 8] 4 0.3871170832241075
9 [4, 0, 3, 3, 0, 3, 3, 2, 2] 4 0.3871170832241075
8 [3, 9, 4, 9, 2, 0, 0, 6] 6 0.7166320474476194
4 [9, 5, 6, 2] 1 0.5039892605236143
8 [1, 1, 7, 6, 6, 4, 0, 3] 1 0.4660357124697014
4 [3, 6, 7, 7] 2 0.4671980209502794
3 [3, 1, 6] 2 0.40109434955264545
2 [3, 3] 5 0.3871170832241075
5 [8, 4, 9, 5, 4] 0 0.6618172926586965
5 [6, 9, 2, 6, 4] 2 0.4987838886203164
8 [3, 5, 2, 5, 4, 4, 6, 1] 2 0.4608025475599277
4 [0, 9, 2, 7] 2 0.5796196920602076
10 [9, 3, 9, 1, 9, 2, 5, 0, 9, 8] 0 0.563190190901787
3 [8, 2, 9] 3 0.5782934638225604
9 [9, 1, 0, 9, 8, 7, 4, 7, 8] 4 0.3871170832241075
7 [1, 6, 1, 8, 0, 7, 2] 6 0.44886201774377343
4 [4, 1, 0, 0] 0 0.6325777297839833
5 [1, 8, 4, 7, 9] 6 0.6492069360674405
5 [8, 9, 5, 4, 8] 2 0.6248331262453204
9 [8, 4, 7, 8, 2, 5, 0, 9, 8] 2 0.594507518253317
3 [5, 9, 7] 6 0.6492069360674405
6 [1, 0, 3, 1, 5, 7] 0 0.4847733712669408
4 [1, 1, 9, 4] 0 0.5076527199842358
2 [5, 9] 6 0.6114101295952078
4 [4, 9, 4, 3] 1 0.5635805450740913
8 [6, 9, 6, 3, 3, 7, 4, 1] 4 0.3871170832241075
8 [6, 9, 2, 2, 3, 8, 8, 7] 0 0.5131920575203989
3 [6, 1, 9] 0 0.4833665369564544
5 [7, 7, 6, 9, 3] 5 0.7166320474476194
8 [7, 3, 2, 4, 9, 7, 5, 1] 2 0.4790028150254819
7 [2, 3, 7, 5, 9, 7, 5] 4 0.3871170832241075
4 [4, 2, 5, 9] 1 0.5663958075179882
7 [3, 2, 2, 3, 4, 1, 7] 2 0.43021751718316925
6 [0, 5, 8, 0, 7, 9] 2 0.6609972706595363
7 [0, 8, 4, 6, 3, 4, 9] 3 0.6246290373894442
10 [7, 9, 1, 3, 7, 1, 2, 3, 4, 9] 0 0.5051986035905341
6 [2, 7, 3, 3, 1, 0] 5 0.8255779410491945
5 [7, 3, 5, 8, 3] 1 0.4685212995760429
2 [4, 6] 5 0.758961192001428
9 [7, 0, 5, 5, 6, 5, 6, 7, 0] 2 0.5511429953884571
4 [6, 6, 1, 3] 5 0.44886201774377343
9 [0, 2, 1, 6, 3, 2, 8, 5, 7] 4 0.3871170832241075
8 [0, 9, 8, 4, 5, 6, 0, 7] 0 0.6437022059770643
8 [7, 2, 4, 1, 4, 1, 7, 7] 4 0.3871170832241075
4 [4, 2, 2, 9] 3 0.5725264694758117
9 [9, 9, 5, 6, 4, 2, 1, 3, 5] 2 0.47184746104072917
4 [0, 7, 1, 8] 1 0.5398034681359841
5 [5, 8, 4, 5, 6] 5 0.758961192001428
3 [6, 3, 3] 4 0.3871170832241075
2 [8, 2] 5 0.606557743303138
6 [9, 7, 5, 2, 4, 6] 4 0.4400827940498012
3 [8, 7, 1] 4 0.3871170832241075
5 [3, 6, 6, 2, 7] 3 0.4714522476525034
6 [0, 0, 9, 4, 6, 3] 0 0.6032208398909011
5 [1, 1, 3, 1, 7] 4 0.3871170832241075
2 [4, 2] 6 0.5571201154201622
9 [1, 6, 5, 1, 8, 1, 1, 6, 2] 0 0.4372081359127301
3 [3, 2, 9] 1 0.45915207891520937
9 [8, 8, 8, 8, 6, 2, 6, 3, 0] 0 0.5257908269928463
2 [3, 0] 5 0.8255779410491945
8 [2, 0, 3, 0, 3, 7, 3, 8] 1 0.48078813347674254
6 [5, 7, 9, 9, 9, 2] 2 0.5791697002329387
2 [4, 4] 0 0.758961192001428
2 [5, 8] 5 0.606557743303138
8 [9, 9, 4, 3, 9, 1, 5, 2] 1 0.5106043958320888
8 [1, 6, 4, 9, 9, 7, 9, 2] 0 0.5662701054911558
10 [5, 1, 8, 3, 0, 4, 3, 9, 2, 5] 0 0.5168962790679283
3 [6, 8, 0] 4 0.44886201774377343
10 [5, 4, 3, 9, 6, 7, 0, 8, 6, 5] 4 0.3871170832241075
8 [0, 5, 8, 8, 4, 0, 8, 3] 1 0.5836848007259767
5 [2, 7, 1, 0, 3] 2 0.44342019556366646
